2023 8월 07   09:53:11,849 [main] INFO  system.FileSystemDataUpdater - Loading data
2023 8월 07   09:53:12,565 [main] INFO  system.FileSystemDataUpdater - data Load Failed
2023 8월 07   09:53:12,565 [main] FATAL system.FileSystemDataUpdater - java.lang.IllegalArgumentException: Sheet index (1) is out of range (0..0)
2023 8월 07   09:53:36,801 [main] INFO  system.FileSystemDataUpdater - Loading data
2023 8월 07   11:00:45,466 [main] INFO  system.FileSystemDataUpdater - Loading data
2023 8월 07   11:10:04,649 [main] INFO  system.FileSystemDataUpdater - Loading data
2023 8월 07   11:20:49,189 [main] INFO  system.FileSystemDataUpdater - Loading data
2023 8월 07   11:20:58,147 [main] INFO  system.FileSystemDataUpdater - Loading data
2023 8월 07   11:25:47,706 [main] INFO  system.FileSystemDataUpdater - Loading data
2023 8월 07   11:27:25,881 [main] INFO  system.FileSystemDataUpdater - Loading data
2023 8월 07   11:27:39,455 [main] INFO  system.FileSystemDataUpdater - Loading data
2023 8월 07   11:41:21,216 [main] INFO  system.FileSystemDataUpdater - Loading data
2023 8월 07   11:42:39,988 [main] INFO  system.FileSystemDataUpdater - Loading data
2023 8월 07   11:43:00,355 [main] INFO  system.FileSystemDataUpdater - Loading data
2023 8월 07   11:47:53,718 [main] INFO  system.FileSystemDataUpdater - Loading data
2023 8월 07   11:48:01,059 [main] INFO  system.FileSystemDataUpdater - Loading data
2023 8월 07   11:49:00,457 [main] INFO  system.FileSystemDataUpdater - Loading data
2023 8월 07   12:02:31,834 [main] INFO  system.FileSystemDataUpdater - Loading data
2023 8월 07   12:02:48,408 [main] INFO  system.FileSystemDataUpdater - Loading data
2023 8월 07   12:04:58,424 [main] INFO  system.FileSystemDataUpdater - Loading data
2023 8월 07   12:10:56,627 [main] INFO  system.FileSystemDataUpdater - Loading data
2023 8월 07   12:11:39,402 [main] INFO  system.FileSystemDataUpdater - Loading data
2023 8월 07   12:11:59,448 [main] INFO  system.FileSystemDataUpdater - Loading data
2023 8월 07   12:14:59,786 [main] INFO  system.FileSystemDataUpdater - Loading data
2023 8월 07   12:16:26,158 [main] INFO  system.FileSystemDataUpdater - Loading data
2023 8월 07   12:18:00,490 [main] INFO  system.FileSystemDataUpdater - Loading data
2023 8월 07   12:18:11,986 [main] INFO  system.FileSystemDataUpdater - Loading data
2023 8월 07   12:24:59,754 [main] INFO  system.FileSystemDataUpdater - Loading data
2023 8월 07   12:25:34,514 [main] INFO  system.FileSystemDataUpdater - Loading data
2023 8월 07   12:28:53,883 [main] INFO  system.FileSystemDataUpdater - Loading data
2023 8월 07   12:29:07,311 [main] INFO  system.FileSystemDataUpdater - Loading data
2023 8월 07   12:33:30,434 [main] INFO  system.FileSystemDataUpdater - Loading data
2023 8월 07   12:35:17,876 [main] INFO  system.FileSystemDataUpdater - Loading data
2023 8월 07   12:38:54,248 [main] INFO  system.FileSystemDataUpdater - Loading data
2023 8월 07   12:44:41,374 [main] INFO  system.FileSystemDataUpdater - Loading data
2023 8월 07   12:48:02,896 [main] INFO  system.FileSystemDataUpdater - Loading data
2023 8월 07   12:48:18,249 [main] INFO  system.FileSystemDataUpdater - Loading data
2023 8월 07   12:49:22,525 [main] INFO  system.FileSystemDataUpdater - Loading data
2023 8월 07   12:49:46,321 [main] INFO  system.FileSystemDataUpdater - Loading data
2023 8월 07   13:04:21,619 [main] INFO  system.FileSystemDataUpdater - Loading data
2023 8월 07   13:12:02,026 [main] INFO  system.FileSystemDataUpdater - Loading data
2023 8월 07   13:12:29,153 [main] INFO  system.FileSystemDataUpdater - Loading data
2023 8월 07   13:12:29,764 [main] INFO  system.FileSystemDataUpdater - data Load end
2023 8월 07   13:25:29,502 [main] INFO  system.FileSystemDataUpdater - Loading data
2023 8월 07   13:25:46,016 [main] INFO  system.FileSystemDataUpdater - Loading data
2023 8월 07   13:25:46,654 [main] INFO  system.FileSystemDataUpdater - data Load end
2023 8월 07   13:26:44,519 [main] INFO  system.FileSystemDataUpdater - Loading data
2023 8월 07   13:31:45,697 [main] INFO  system.FileSystemDataUpdater - Loading data
2023 8월 07   13:31:46,340 [main] INFO  system.FileSystemDataUpdater - data Load end
2023 8월 07   13:33:56,459 [main] INFO  system.FileSystemDataUpdater - Loading data
2023 8월 07   13:33:57,082 [main] INFO  system.FileSystemDataUpdater - data Load end
2023 8월 07   13:34:03,968 [main] INFO  system.FileSystemDataUpdater - Loading data
2023 8월 07   13:34:04,819 [main] INFO  system.FileSystemDataUpdater - data Load end
2023 8월 07   13:34:18,203 [main] INFO  system.FileSystemDataUpdater - Loading data
2023 8월 07   13:34:19,040 [main] INFO  system.FileSystemDataUpdater - data Load end
2023 8월 07   13:34:43,096 [main] INFO  system.FileSystemDataUpdater - Loading data
2023 8월 07   13:34:43,956 [main] INFO  system.FileSystemDataUpdater - data Load end
2023 8월 07   13:35:01,113 [main] INFO  system.FileSystemDataUpdater - Loading data
2023 8월 07   13:35:02,000 [main] INFO  system.FileSystemDataUpdater - data Load end
2023 8월 07   13:36:31,312 [main] INFO  system.FileSystemDataUpdater - Loading data
2023 8월 07   13:36:32,162 [main] INFO  system.FileSystemDataUpdater - data Load end
2023 8월 07   13:38:03,165 [main] INFO  system.FileSystemDataUpdater - Loading data
2023 8월 07   13:38:30,298 [main] INFO  system.FileSystemDataUpdater - Loading data
2023 8월 07   13:38:30,929 [main] INFO  system.FileSystemDataUpdater - data Load end
2023 8월 07   13:39:54,455 [main] INFO  system.FileSystemDataUpdater - Loading data
2023 8월 07   13:39:55,291 [main] INFO  system.FileSystemDataUpdater - data Load end
2023 8월 07   13:41:24,099 [main] INFO  system.FileSystemDataUpdater - Loading data
2023 8월 07   13:41:24,733 [main] INFO  system.FileSystemDataUpdater - data Load end
2023 8월 07   13:41:43,192 [main] INFO  system.FileSystemDataUpdater - Loading data
2023 8월 07   13:41:43,795 [main] INFO  system.FileSystemDataUpdater - data Load end
2023 8월 07   13:41:57,669 [main] INFO  system.FileSystemDataUpdater - Loading data
2023 8월 07   13:41:58,269 [main] INFO  system.FileSystemDataUpdater - data Load end
2023 8월 07   13:42:16,196 [main] INFO  system.FileSystemDataUpdater - Loading data
2023 8월 07   13:42:16,811 [main] INFO  system.FileSystemDataUpdater - data Load end
2023 8월 07   13:43:28,795 [main] INFO  system.FileSystemDataUpdater - Loading data
2023 8월 07   13:43:29,421 [main] INFO  system.FileSystemDataUpdater - data Load end
2023 8월 07   13:45:08,073 [main] INFO  system.FileSystemDataUpdater - Loading data
2023 8월 07   13:45:20,202 [main] INFO  system.FileSystemDataUpdater - Loading data
2023 8월 07   13:45:20,812 [main] INFO  system.FileSystemDataUpdater - data Load end
2023 8월 07   13:46:16,291 [main] INFO  system.FileSystemDataUpdater - Loading data
2023 8월 07   13:46:16,877 [main] INFO  system.FileSystemDataUpdater - data Load end
2023 8월 07   13:46:16,936 [main] ERROR system.FileSystemDataUpdater - java.io.FileNotFoundException: File_system\user_date\accounts.xlsx (´ٸ¥ Çwμ¼½º°¡ ÆÄÀÏ; »ç¿ë ÁßÀ̱â ¶§¹®¿¡ )
2023 8월 07   13:46:17,094 [main] ERROR system.FileSystemDataUpdater - java.io.FileNotFoundException: File_system\user_date\accounts.xlsx (´ٸ¥ Çwμ¼½º°¡ ÆÄÀÏ; »ç¿ë ÁßÀ̱â ¶§¹®¿¡ )
2023 8월 07   13:46:24,837 [main] INFO  system.FileSystemDataUpdater - Loading data
2023 8월 07   13:46:25,423 [main] INFO  system.FileSystemDataUpdater - data Load end
2023 8월 07   13:46:52,158 [main] INFO  system.FileSystemDataUpdater - Loading data
2023 8월 07   13:46:52,723 [main] INFO  system.FileSystemDataUpdater - data Load end
2023 8월 07   13:47:05,674 [main] INFO  system.FileSystemDataUpdater - Loading data
2023 8월 07   13:47:06,262 [main] INFO  system.FileSystemDataUpdater - data Load end
2023 8월 07   13:48:38,480 [main] INFO  system.FileSystemDataUpdater - Loading data
2023 8월 07   13:48:39,068 [main] INFO  system.FileSystemDataUpdater - data Load end
2023 8월 07   13:49:09,243 [main] INFO  system.FileSystemDataUpdater - Loading data
2023 8월 07   13:49:09,838 [main] INFO  system.FileSystemDataUpdater - data Load end
2023 8월 07   13:50:07,545 [main] INFO  system.FileSystemDataUpdater - Loading data
2023 8월 07   13:50:08,159 [main] INFO  system.FileSystemDataUpdater - data Load end
2023 8월 07   14:01:13,006 [main] INFO  system.FileSystemDataUpdater - Loading data
2023 8월 07   14:03:24,457 [main] INFO  system.FileSystemDataUpdater - Loading data
2023 8월 07   14:03:25,060 [main] INFO  system.FileSystemDataUpdater - data Load end
2023 8월 07   14:03:25,101 [main] ERROR system.FileSystemDataUpdater - java.io.FileNotFoundException: File_system\user_date\accounts.xlsx (´ٸ¥ Çwμ¼½º°¡ ÆÄÀÏ; »ç¿ë ÁßÀ̱â ¶§¹®¿¡ )
2023 8월 07   14:03:25,263 [main] ERROR system.FileSystemDataUpdater - java.io.FileNotFoundException: File_system\user_date\accounts.xlsx (´ٸ¥ Çwμ¼½º°¡ ÆÄÀÏ; »ç¿ë ÁßÀ̱â ¶§¹®¿¡ )
2023 8월 07   14:03:25,333 [main] ERROR system.FileSystemDataUpdater - java.io.FileNotFoundException: File_system\user_date\accounts.xlsx (´ٸ¥ Çwμ¼½º°¡ ÆÄÀÏ; »ç¿ë ÁßÀ̱â ¶§¹®¿¡ )
2023 8월 07   14:03:25,360 [main] ERROR system.FileSystemDataUpdater - java.io.FileNotFoundException: File_system\user_date\accounts.xlsx (´ٸ¥ Çwμ¼½º°¡ ÆÄÀÏ; »ç¿ë ÁßÀ̱â ¶§¹®¿¡ )
2023 8월 07   14:03:25,394 [main] ERROR system.FileSystemDataUpdater - java.io.FileNotFoundException: File_system\user_date\accounts.xlsx (´ٸ¥ Çwμ¼½º°¡ ÆÄÀÏ; »ç¿ë ÁßÀ̱â ¶§¹®¿¡ )
2023 8월 07   14:03:25,417 [main] ERROR system.FileSystemDataUpdater - java.io.FileNotFoundException: File_system\user_date\accounts.xlsx (´ٸ¥ Çwμ¼½º°¡ ÆÄÀÏ; »ç¿ë ÁßÀ̱â ¶§¹®¿¡ )
2023 8월 07   14:03:34,176 [main] INFO  system.FileSystemDataUpdater - Loading data
2023 8월 07   14:03:34,772 [main] INFO  system.FileSystemDataUpdater - data Load end
2023 8월 07   14:04:37,594 [main] INFO  system.FileSystemDataUpdater - Loading data
2023 8월 07   14:04:38,234 [main] INFO  system.FileSystemDataUpdater - data Load end
2023 8월 07   14:05:39,549 [main] INFO  system.FileSystemDataUpdater - Loading data
2023 8월 07   14:05:40,164 [main] INFO  system.FileSystemDataUpdater - data Load end
2023 8월 07   14:07:41,996 [main] INFO  system.FileSystemDataUpdater - Loading data
2023 8월 07   14:07:42,877 [main] INFO  system.FileSystemDataUpdater - data Load end
2023 8월 07   14:10:44,990 [main] INFO  system.FileSystemDataUpdater - Loading data
2023 8월 07   14:10:45,878 [main] INFO  system.FileSystemDataUpdater - data Load end
2023 8월 07   14:11:15,038 [main] INFO  system.FileSystemDataUpdater - Loading data
2023 8월 07   14:11:15,912 [main] INFO  system.FileSystemDataUpdater - data Load end
2023 8월 07   14:13:17,324 [main] INFO  system.FileSystemDataUpdater - Loading data
2023 8월 07   14:13:18,558 [main] INFO  system.FileSystemDataUpdater - data Load end
2023 8월 07   14:13:18,610 [main] ERROR system.FileSystemDataUpdater - java.io.FileNotFoundException: File_system\user_date\accounts.xlsx (´ٸ¥ Çwμ¼½º°¡ ÆÄÀÏ; »ç¿ë ÁßÀ̱â ¶§¹®¿¡ )
2023 8월 07   14:13:18,836 [main] ERROR system.FileSystemDataUpdater - java.io.FileNotFoundException: File_system\user_date\accounts.xlsx (´ٸ¥ Çwμ¼½º°¡ ÆÄÀÏ; »ç¿ë ÁßÀ̱â ¶§¹®¿¡ )
2023 8월 07   14:14:57,615 [main] INFO  system.FileSystemDataUpdater - Loading data
2023 8월 07   14:14:58,240 [main] INFO  system.FileSystemDataUpdater - data Load end
2023 8월 07   14:15:13,630 [main] INFO  system.FileSystemDataUpdater - Loading data
2023 8월 07   14:15:14,275 [main] INFO  system.FileSystemDataUpdater - data Load end
2023 8월 07   14:19:03,651 [main] INFO  system.FileSystemDataUpdater - Loading data
2023 8월 07   14:19:04,336 [main] INFO  system.FileSystemDataUpdater - data Load end
2023 8월 07   14:19:43,552 [main] INFO  system.FileSystemDataUpdater - Loading data
2023 8월 07   14:19:44,519 [main] INFO  system.FileSystemDataUpdater - data Load end
2023 8월 07   14:22:12,834 [main] INFO  system.FileSystemDataUpdater - Loading data
2023 8월 07   14:22:13,494 [main] INFO  system.FileSystemDataUpdater - data Load end
2023 8월 07   14:23:17,034 [main] INFO  system.FileSystemDataUpdater - Loading data
2023 8월 07   14:23:17,687 [main] INFO  system.FileSystemDataUpdater - data Load end
2023 8월 07   14:23:17,731 [main] ERROR system.FileSystemDataUpdater - java.io.FileNotFoundException: File_system\user_date\accounts.xlsx (´ٸ¥ Çwμ¼½º°¡ ÆÄÀÏ; »ç¿ë ÁßÀ̱â ¶§¹®¿¡ )
2023 8월 07   14:23:28,426 [main] INFO  system.FileSystemDataUpdater - Loading data
2023 8월 07   14:23:29,068 [main] INFO  system.FileSystemDataUpdater - data Load end
2023 8월 07   14:29:44,922 [main] INFO  system.FileSystemDataUpdater - Loading data
2023 8월 07   14:29:45,558 [main] INFO  system.FileSystemDataUpdater - data Load end
2023 8월 07   14:29:55,484 [main] INFO  system.FileSystemDataUpdater - Loading data
2023 8월 07   14:29:56,370 [main] INFO  system.FileSystemDataUpdater - data Load end
2023 8월 07   14:32:58,324 [main] INFO  system.FileSystemDataUpdater - Loading data
2023 8월 07   14:32:59,196 [main] INFO  system.FileSystemDataUpdater - data Load end
2023 8월 07   14:35:01,335 [main] INFO  system.FileSystemDataUpdater - Loading data
2023 8월 07   14:35:01,959 [main] INFO  system.FileSystemDataUpdater - data Load end
2023 8월 07   14:35:10,117 [main] INFO  system.FileSystemDataUpdater - Loading data
2023 8월 07   14:35:10,973 [main] INFO  system.FileSystemDataUpdater - data Load end
2023 8월 07   14:36:08,693 [main] INFO  system.FileSystemDataUpdater - Loading data
2023 8월 07   14:36:09,320 [main] INFO  system.FileSystemDataUpdater - data Load end
2023 8월 07   14:40:46,184 [main] INFO  system.FileSystemDataUpdater - Loading data
2023 8월 07   14:40:46,869 [main] INFO  system.FileSystemDataUpdater - data Load end
2023 8월 07   14:40:56,264 [main] INFO  system.FileSystemDataUpdater - Loading data
2023 8월 07   14:40:57,152 [main] INFO  system.FileSystemDataUpdater - data Load end
2023 8월 07   14:41:24,168 [main] INFO  system.FileSystemDataUpdater - Loading data
2023 8월 07   14:41:24,789 [main] INFO  system.FileSystemDataUpdater - data Load end
2023 8월 07   14:42:48,080 [main] INFO  system.FileSystemDataUpdater - Loading data
2023 8월 07   14:42:48,723 [main] INFO  system.FileSystemDataUpdater - data Load end
2023 8월 07   14:43:01,316 [main] INFO  system.FileSystemDataUpdater - Loading data
2023 8월 07   14:43:01,930 [main] INFO  system.FileSystemDataUpdater - data Load end
2023 8월 07   14:43:40,035 [main] INFO  system.FileSystemDataUpdater - Loading data
2023 8월 07   14:43:40,653 [main] INFO  system.FileSystemDataUpdater - data Load end
2023 8월 07   14:44:15,857 [main] INFO  system.FileSystemDataUpdater - Loading data
2023 8월 07   14:44:16,484 [main] INFO  system.FileSystemDataUpdater - data Load end
2023 8월 07   14:44:28,706 [main] INFO  system.FileSystemDataUpdater - Loading data
2023 8월 07   14:44:29,350 [main] INFO  system.FileSystemDataUpdater - data Load end
2023 8월 07   14:46:51,471 [main] INFO  system.FileSystemDataUpdater - Loading data
2023 8월 07   14:54:58,041 [main] INFO  system.FileSystemDataUpdater - Loading data
2023 8월 07   14:54:58,688 [main] INFO  system.FileSystemDataUpdater - data Load end
2023 8월 07   14:57:02,632 [main] INFO  system.FileSystemDataUpdater - Loading data
2023 8월 07   14:57:03,233 [main] INFO  system.FileSystemDataUpdater - data Load end
2023 8월 07   14:58:08,106 [main] INFO  system.FileSystemDataUpdater - Loading data
2023 8월 07   14:58:08,711 [main] INFO  system.FileSystemDataUpdater - data Load end
2023 8월 07   15:07:31,356 [main] INFO  system.FileSystemDataUpdater - Loading data
2023 8월 07   15:07:31,954 [main] INFO  system.FileSystemDataUpdater - data Load end
2023 8월 07   15:13:05,284 [main] INFO  system.FileSystemDataUpdater - Loading data
2023 8월 07   15:13:05,919 [main] INFO  system.FileSystemDataUpdater - data Load end
2023 8월 07   16:09:21,898 [main] INFO  system.FileSystemDataUpdater - Loading data
2023 8월 07   16:09:22,454 [main] INFO  system.FileSystemDataUpdater - data Load end
2023 8월 07   16:09:47,298 [main] INFO  system.FileSystemDataUpdater - Loading data
2023 8월 07   16:09:47,869 [main] INFO  system.FileSystemDataUpdater - data Load end
