2023 8월 08   09:55:20,275 [main] INFO  system.FileSystemDataUpdater - Loading data
2023 8월 08   09:55:21,187 [main] INFO  system.FileSystemDataUpdater - data Load end
2023 8월 08   09:55:39,105 [main] INFO  system.FileSystemDataUpdater - Loading data
2023 8월 08   09:55:39,748 [main] INFO  system.FileSystemDataUpdater - data Load end
2023 8월 08   09:56:21,810 [main] INFO  system.FileSystemDataUpdater - Loading data
2023 8월 08   09:56:22,440 [main] INFO  system.FileSystemDataUpdater - data Load end
2023 8월 08   09:57:29,565 [main] INFO  system.FileSystemDataUpdater - Loading data
2023 8월 08   09:57:30,431 [main] ERROR system.FileSystemDataUpdater - An IOException occurred while reading the file.
java.io.FileNotFoundException: File_system\user_date\user_Loan.xlsx (ÁödµÈ ÆÄÀÏ; ã; ¼ö ¾ø)
	at java.io.FileInputStream.open0(Native Method) ~[?:?]
	at java.io.FileInputStream.open(FileInputStream.java:219) ~[?:?]
	at java.io.FileInputStream.<init>(FileInputStream.java:157) ~[?:?]
	at java.io.FileInputStream.<init>(FileInputStream.java:112) ~[?:?]
	at system.FileSystemDataUpdater.writeLoanToExcel(FileSystemDataUpdater.java:556) ~[bin/:?]
	at test.aa.test(aa.java:28) ~[bin/:?]
	at jdk.internal.reflect.NativeMethodAccessorImpl.invoke0(Native Method) ~[?:?]
	at jdk.internal.reflect.NativeMethodAccessorImpl.invoke(NativeMethodAccessorImpl.java:62) ~[?:?]
	at jdk.internal.reflect.DelegatingMethodAccessorImpl.invoke(DelegatingMethodAccessorImpl.java:43) ~[?:?]
	at java.lang.reflect.Method.invoke(Method.java:566) ~[?:?]
	at org.junit.platform.commons.util.ReflectionUtils.invokeMethod(ReflectionUtils.java:686) ~[org.junit.platform.commons_1.6.0.v20200203-2009.jar:1.6.0]
	at org.junit.jupiter.engine.execution.MethodInvocation.proceed(MethodInvocation.java:60) ~[org.junit.jupiter.engine_5.6.0.v20200203-2009.jar:5.6.0]
	at org.junit.jupiter.engine.execution.InvocationInterceptorChain$ValidatingInvocation.proceed(InvocationInterceptorChain.java:131) ~[org.junit.jupiter.engine_5.6.0.v20200203-2009.jar:5.6.0]
	at org.junit.jupiter.engine.extension.TimeoutExtension.intercept(TimeoutExtension.java:149) ~[org.junit.jupiter.engine_5.6.0.v20200203-2009.jar:5.6.0]
	at org.junit.jupiter.engine.extension.TimeoutExtension.interceptTestableMethod(TimeoutExtension.java:140) ~[org.junit.jupiter.engine_5.6.0.v20200203-2009.jar:5.6.0]
	at org.junit.jupiter.engine.extension.TimeoutExtension.interceptTestMethod(TimeoutExtension.java:84) ~[org.junit.jupiter.engine_5.6.0.v20200203-2009.jar:5.6.0]
	at org.junit.jupiter.engine.execution.ExecutableInvoker$ReflectiveInterceptorCall.lambda$ofVoidMethod$0(ExecutableInvoker.java:115) ~[org.junit.jupiter.engine_5.6.0.v20200203-2009.jar:5.6.0]
	at org.junit.jupiter.engine.execution.ExecutableInvoker.lambda$invoke$0(ExecutableInvoker.java:105) ~[org.junit.jupiter.engine_5.6.0.v20200203-2009.jar:5.6.0]
	at org.junit.jupiter.engine.execution.InvocationInterceptorChain$InterceptedInvocation.proceed(InvocationInterceptorChain.java:106) ~[org.junit.jupiter.engine_5.6.0.v20200203-2009.jar:5.6.0]
	at org.junit.jupiter.engine.execution.InvocationInterceptorChain.proceed(InvocationInterceptorChain.java:64) ~[org.junit.jupiter.engine_5.6.0.v20200203-2009.jar:5.6.0]
	at org.junit.jupiter.engine.execution.InvocationInterceptorChain.chainAndInvoke(InvocationInterceptorChain.java:45) ~[org.junit.jupiter.engine_5.6.0.v20200203-2009.jar:5.6.0]
	at org.junit.jupiter.engine.execution.InvocationInterceptorChain.invoke(InvocationInterceptorChain.java:37) ~[org.junit.jupiter.engine_5.6.0.v20200203-2009.jar:5.6.0]
	at org.junit.jupiter.engine.execution.ExecutableInvoker.invoke(ExecutableInvoker.java:104) ~[org.junit.jupiter.engine_5.6.0.v20200203-2009.jar:5.6.0]
	at org.junit.jupiter.engine.execution.ExecutableInvoker.invoke(ExecutableInvoker.java:98) ~[org.junit.jupiter.engine_5.6.0.v20200203-2009.jar:5.6.0]
	at org.junit.jupiter.engine.descriptor.TestMethodTestDescriptor.lambda$invokeTestMethod$6(TestMethodTestDescriptor.java:205) ~[org.junit.jupiter.engine_5.6.0.v20200203-2009.jar:5.6.0]
	at org.junit.platform.engine.support.hierarchical.ThrowableCollector.execute(ThrowableCollector.java:73) ~[org.junit.platform.engine_1.6.0.v20200203-2009.jar:1.6.0]
	at org.junit.jupiter.engine.descriptor.TestMethodTestDescriptor.invokeTestMethod(TestMethodTestDescriptor.java:201) ~[org.junit.jupiter.engine_5.6.0.v20200203-2009.jar:5.6.0]
	at org.junit.jupiter.engine.descriptor.TestMethodTestDescriptor.execute(TestMethodTestDescriptor.java:137) ~[org.junit.jupiter.engine_5.6.0.v20200203-2009.jar:5.6.0]
	at org.junit.jupiter.engine.descriptor.TestMethodTestDescriptor.execute(TestMethodTestDescriptor.java:71) ~[org.junit.jupiter.engine_5.6.0.v20200203-2009.jar:5.6.0]
	at org.junit.platform.engine.support.hierarchical.NodeTestTask.lambda$executeRecursively$5(NodeTestTask.java:135) ~[org.junit.platform.engine_1.6.0.v20200203-2009.jar:1.6.0]
	at org.junit.platform.engine.support.hierarchical.ThrowableCollector.execute(ThrowableCollector.java:73) ~[org.junit.platform.engine_1.6.0.v20200203-2009.jar:1.6.0]
	at org.junit.platform.engine.support.hierarchical.NodeTestTask.lambda$executeRecursively$7(NodeTestTask.java:125) ~[org.junit.platform.engine_1.6.0.v20200203-2009.jar:1.6.0]
	at org.junit.platform.engine.support.hierarchical.Node.around(Node.java:135) ~[org.junit.platform.engine_1.6.0.v20200203-2009.jar:1.6.0]
	at org.junit.platform.engine.support.hierarchical.NodeTestTask.lambda$executeRecursively$8(NodeTestTask.java:123) ~[org.junit.platform.engine_1.6.0.v20200203-2009.jar:1.6.0]
	at org.junit.platform.engine.support.hierarchical.ThrowableCollector.execute(ThrowableCollector.java:73) ~[org.junit.platform.engine_1.6.0.v20200203-2009.jar:1.6.0]
	at org.junit.platform.engine.support.hierarchical.NodeTestTask.executeRecursively(NodeTestTask.java:122) ~[org.junit.platform.engine_1.6.0.v20200203-2009.jar:1.6.0]
	at org.junit.platform.engine.support.hierarchical.NodeTestTask.execute(NodeTestTask.java:80) ~[org.junit.platform.engine_1.6.0.v20200203-2009.jar:1.6.0]
	at java.util.ArrayList.forEach(ArrayList.java:1540) ~[?:?]
	at org.junit.platform.engine.support.hierarchical.SameThreadHierarchicalTestExecutorService.invokeAll(SameThreadHierarchicalTestExecutorService.java:38) ~[org.junit.platform.engine_1.6.0.v20200203-2009.jar:1.6.0]
	at org.junit.platform.engine.support.hierarchical.NodeTestTask.lambda$executeRecursively$5(NodeTestTask.java:139) ~[org.junit.platform.engine_1.6.0.v20200203-2009.jar:1.6.0]
	at org.junit.platform.engine.support.hierarchical.ThrowableCollector.execute(ThrowableCollector.java:73) ~[org.junit.platform.engine_1.6.0.v20200203-2009.jar:1.6.0]
	at org.junit.platform.engine.support.hierarchical.NodeTestTask.lambda$executeRecursively$7(NodeTestTask.java:125) ~[org.junit.platform.engine_1.6.0.v20200203-2009.jar:1.6.0]
	at org.junit.platform.engine.support.hierarchical.Node.around(Node.java:135) ~[org.junit.platform.engine_1.6.0.v20200203-2009.jar:1.6.0]
	at org.junit.platform.engine.support.hierarchical.NodeTestTask.lambda$executeRecursively$8(NodeTestTask.java:123) ~[org.junit.platform.engine_1.6.0.v20200203-2009.jar:1.6.0]
	at org.junit.platform.engine.support.hierarchical.ThrowableCollector.execute(ThrowableCollector.java:73) ~[org.junit.platform.engine_1.6.0.v20200203-2009.jar:1.6.0]
	at org.junit.platform.engine.support.hierarchical.NodeTestTask.executeRecursively(NodeTestTask.java:122) ~[org.junit.platform.engine_1.6.0.v20200203-2009.jar:1.6.0]
	at org.junit.platform.engine.support.hierarchical.NodeTestTask.execute(NodeTestTask.java:80) ~[org.junit.platform.engine_1.6.0.v20200203-2009.jar:1.6.0]
	at java.util.ArrayList.forEach(ArrayList.java:1540) ~[?:?]
	at org.junit.platform.engine.support.hierarchical.SameThreadHierarchicalTestExecutorService.invokeAll(SameThreadHierarchicalTestExecutorService.java:38) ~[org.junit.platform.engine_1.6.0.v20200203-2009.jar:1.6.0]
	at org.junit.platform.engine.support.hierarchical.NodeTestTask.lambda$executeRecursively$5(NodeTestTask.java:139) ~[org.junit.platform.engine_1.6.0.v20200203-2009.jar:1.6.0]
	at org.junit.platform.engine.support.hierarchical.ThrowableCollector.execute(ThrowableCollector.java:73) ~[org.junit.platform.engine_1.6.0.v20200203-2009.jar:1.6.0]
	at org.junit.platform.engine.support.hierarchical.NodeTestTask.lambda$executeRecursively$7(NodeTestTask.java:125) ~[org.junit.platform.engine_1.6.0.v20200203-2009.jar:1.6.0]
	at org.junit.platform.engine.support.hierarchical.Node.around(Node.java:135) ~[org.junit.platform.engine_1.6.0.v20200203-2009.jar:1.6.0]
	at org.junit.platform.engine.support.hierarchical.NodeTestTask.lambda$executeRecursively$8(NodeTestTask.java:123) ~[org.junit.platform.engine_1.6.0.v20200203-2009.jar:1.6.0]
	at org.junit.platform.engine.support.hierarchical.ThrowableCollector.execute(ThrowableCollector.java:73) ~[org.junit.platform.engine_1.6.0.v20200203-2009.jar:1.6.0]
	at org.junit.platform.engine.support.hierarchical.NodeTestTask.executeRecursively(NodeTestTask.java:122) ~[org.junit.platform.engine_1.6.0.v20200203-2009.jar:1.6.0]
	at org.junit.platform.engine.support.hierarchical.NodeTestTask.execute(NodeTestTask.java:80) ~[org.junit.platform.engine_1.6.0.v20200203-2009.jar:1.6.0]
	at org.junit.platform.engine.support.hierarchical.SameThreadHierarchicalTestExecutorService.submit(SameThreadHierarchicalTestExecutorService.java:32) ~[org.junit.platform.engine_1.6.0.v20200203-2009.jar:1.6.0]
	at org.junit.platform.engine.support.hierarchical.HierarchicalTestExecutor.execute(HierarchicalTestExecutor.java:57) ~[org.junit.platform.engine_1.6.0.v20200203-2009.jar:1.6.0]
	at org.junit.platform.engine.support.hierarchical.HierarchicalTestEngine.execute(HierarchicalTestEngine.java:51) ~[org.junit.platform.engine_1.6.0.v20200203-2009.jar:1.6.0]
	at org.junit.platform.launcher.core.DefaultLauncher.execute(DefaultLauncher.java:248) ~[org.junit.platform.launcher_1.6.0.v20200203-2009.jar:1.6.0]
	at org.junit.platform.launcher.core.DefaultLauncher.lambda$execute$5(DefaultLauncher.java:211) ~[org.junit.platform.launcher_1.6.0.v20200203-2009.jar:1.6.0]
	at org.junit.platform.launcher.core.DefaultLauncher.withInterceptedStreams(DefaultLauncher.java:226) [org.junit.platform.launcher_1.6.0.v20200203-2009.jar:1.6.0]
	at org.junit.platform.launcher.core.DefaultLauncher.execute(DefaultLauncher.java:199) [org.junit.platform.launcher_1.6.0.v20200203-2009.jar:1.6.0]
	at org.junit.platform.launcher.core.DefaultLauncher.execute(DefaultLauncher.java:141) [org.junit.platform.launcher_1.6.0.v20200203-2009.jar:1.6.0]
	at org.eclipse.jdt.internal.junit5.runner.JUnit5TestReference.run(JUnit5TestReference.java:98) [.cp/:?]
	at org.eclipse.jdt.internal.junit.runner.TestExecution.run(TestExecution.java:41) [.cp/:?]
	at org.eclipse.jdt.internal.junit.runner.RemoteTestRunner.runTests(RemoteTestRunner.java:542) [.cp/:?]
	at org.eclipse.jdt.internal.junit.runner.RemoteTestRunner.runTests(RemoteTestRunner.java:770) [.cp/:?]
	at org.eclipse.jdt.internal.junit.runner.RemoteTestRunner.run(RemoteTestRunner.java:464) [.cp/:?]
	at org.eclipse.jdt.internal.junit.runner.RemoteTestRunner.main(RemoteTestRunner.java:210) [.cp/:?]
2023 8월 08   09:58:41,380 [main] INFO  system.FileSystemDataUpdater - Loading data
2023 8월 08   09:58:42,264 [main] ERROR system.FileSystemDataUpdater - An IOException occurred while reading the file.
java.io.FileNotFoundException: File_system\user_date\user_Loan.xlsx (ÁödµÈ ÆÄÀÏ; ã; ¼ö ¾ø)
	at java.io.FileInputStream.open0(Native Method) ~[?:?]
	at java.io.FileInputStream.open(FileInputStream.java:219) ~[?:?]
	at java.io.FileInputStream.<init>(FileInputStream.java:157) ~[?:?]
	at java.io.FileInputStream.<init>(FileInputStream.java:112) ~[?:?]
	at system.FileSystemDataUpdater.writeLoanToExcel(FileSystemDataUpdater.java:556) ~[bin/:?]
	at test.aa.test(aa.java:28) ~[bin/:?]
	at jdk.internal.reflect.NativeMethodAccessorImpl.invoke0(Native Method) ~[?:?]
	at jdk.internal.reflect.NativeMethodAccessorImpl.invoke(NativeMethodAccessorImpl.java:62) ~[?:?]
	at jdk.internal.reflect.DelegatingMethodAccessorImpl.invoke(DelegatingMethodAccessorImpl.java:43) ~[?:?]
	at java.lang.reflect.Method.invoke(Method.java:566) ~[?:?]
	at org.junit.platform.commons.util.ReflectionUtils.invokeMethod(ReflectionUtils.java:686) ~[org.junit.platform.commons_1.6.0.v20200203-2009.jar:1.6.0]
	at org.junit.jupiter.engine.execution.MethodInvocation.proceed(MethodInvocation.java:60) ~[org.junit.jupiter.engine_5.6.0.v20200203-2009.jar:5.6.0]
	at org.junit.jupiter.engine.execution.InvocationInterceptorChain$ValidatingInvocation.proceed(InvocationInterceptorChain.java:131) ~[org.junit.jupiter.engine_5.6.0.v20200203-2009.jar:5.6.0]
	at org.junit.jupiter.engine.extension.TimeoutExtension.intercept(TimeoutExtension.java:149) ~[org.junit.jupiter.engine_5.6.0.v20200203-2009.jar:5.6.0]
	at org.junit.jupiter.engine.extension.TimeoutExtension.interceptTestableMethod(TimeoutExtension.java:140) ~[org.junit.jupiter.engine_5.6.0.v20200203-2009.jar:5.6.0]
	at org.junit.jupiter.engine.extension.TimeoutExtension.interceptTestMethod(TimeoutExtension.java:84) ~[org.junit.jupiter.engine_5.6.0.v20200203-2009.jar:5.6.0]
	at org.junit.jupiter.engine.execution.ExecutableInvoker$ReflectiveInterceptorCall.lambda$ofVoidMethod$0(ExecutableInvoker.java:115) ~[org.junit.jupiter.engine_5.6.0.v20200203-2009.jar:5.6.0]
	at org.junit.jupiter.engine.execution.ExecutableInvoker.lambda$invoke$0(ExecutableInvoker.java:105) ~[org.junit.jupiter.engine_5.6.0.v20200203-2009.jar:5.6.0]
	at org.junit.jupiter.engine.execution.InvocationInterceptorChain$InterceptedInvocation.proceed(InvocationInterceptorChain.java:106) ~[org.junit.jupiter.engine_5.6.0.v20200203-2009.jar:5.6.0]
	at org.junit.jupiter.engine.execution.InvocationInterceptorChain.proceed(InvocationInterceptorChain.java:64) ~[org.junit.jupiter.engine_5.6.0.v20200203-2009.jar:5.6.0]
	at org.junit.jupiter.engine.execution.InvocationInterceptorChain.chainAndInvoke(InvocationInterceptorChain.java:45) ~[org.junit.jupiter.engine_5.6.0.v20200203-2009.jar:5.6.0]
	at org.junit.jupiter.engine.execution.InvocationInterceptorChain.invoke(InvocationInterceptorChain.java:37) ~[org.junit.jupiter.engine_5.6.0.v20200203-2009.jar:5.6.0]
	at org.junit.jupiter.engine.execution.ExecutableInvoker.invoke(ExecutableInvoker.java:104) ~[org.junit.jupiter.engine_5.6.0.v20200203-2009.jar:5.6.0]
	at org.junit.jupiter.engine.execution.ExecutableInvoker.invoke(ExecutableInvoker.java:98) ~[org.junit.jupiter.engine_5.6.0.v20200203-2009.jar:5.6.0]
	at org.junit.jupiter.engine.descriptor.TestMethodTestDescriptor.lambda$invokeTestMethod$6(TestMethodTestDescriptor.java:205) ~[org.junit.jupiter.engine_5.6.0.v20200203-2009.jar:5.6.0]
	at org.junit.platform.engine.support.hierarchical.ThrowableCollector.execute(ThrowableCollector.java:73) ~[org.junit.platform.engine_1.6.0.v20200203-2009.jar:1.6.0]
	at org.junit.jupiter.engine.descriptor.TestMethodTestDescriptor.invokeTestMethod(TestMethodTestDescriptor.java:201) ~[org.junit.jupiter.engine_5.6.0.v20200203-2009.jar:5.6.0]
	at org.junit.jupiter.engine.descriptor.TestMethodTestDescriptor.execute(TestMethodTestDescriptor.java:137) ~[org.junit.jupiter.engine_5.6.0.v20200203-2009.jar:5.6.0]
	at org.junit.jupiter.engine.descriptor.TestMethodTestDescriptor.execute(TestMethodTestDescriptor.java:71) ~[org.junit.jupiter.engine_5.6.0.v20200203-2009.jar:5.6.0]
	at org.junit.platform.engine.support.hierarchical.NodeTestTask.lambda$executeRecursively$5(NodeTestTask.java:135) ~[org.junit.platform.engine_1.6.0.v20200203-2009.jar:1.6.0]
	at org.junit.platform.engine.support.hierarchical.ThrowableCollector.execute(ThrowableCollector.java:73) ~[org.junit.platform.engine_1.6.0.v20200203-2009.jar:1.6.0]
	at org.junit.platform.engine.support.hierarchical.NodeTestTask.lambda$executeRecursively$7(NodeTestTask.java:125) ~[org.junit.platform.engine_1.6.0.v20200203-2009.jar:1.6.0]
	at org.junit.platform.engine.support.hierarchical.Node.around(Node.java:135) ~[org.junit.platform.engine_1.6.0.v20200203-2009.jar:1.6.0]
	at org.junit.platform.engine.support.hierarchical.NodeTestTask.lambda$executeRecursively$8(NodeTestTask.java:123) ~[org.junit.platform.engine_1.6.0.v20200203-2009.jar:1.6.0]
	at org.junit.platform.engine.support.hierarchical.ThrowableCollector.execute(ThrowableCollector.java:73) ~[org.junit.platform.engine_1.6.0.v20200203-2009.jar:1.6.0]
	at org.junit.platform.engine.support.hierarchical.NodeTestTask.executeRecursively(NodeTestTask.java:122) ~[org.junit.platform.engine_1.6.0.v20200203-2009.jar:1.6.0]
	at org.junit.platform.engine.support.hierarchical.NodeTestTask.execute(NodeTestTask.java:80) ~[org.junit.platform.engine_1.6.0.v20200203-2009.jar:1.6.0]
	at java.util.ArrayList.forEach(ArrayList.java:1540) ~[?:?]
	at org.junit.platform.engine.support.hierarchical.SameThreadHierarchicalTestExecutorService.invokeAll(SameThreadHierarchicalTestExecutorService.java:38) ~[org.junit.platform.engine_1.6.0.v20200203-2009.jar:1.6.0]
	at org.junit.platform.engine.support.hierarchical.NodeTestTask.lambda$executeRecursively$5(NodeTestTask.java:139) ~[org.junit.platform.engine_1.6.0.v20200203-2009.jar:1.6.0]
	at org.junit.platform.engine.support.hierarchical.ThrowableCollector.execute(ThrowableCollector.java:73) ~[org.junit.platform.engine_1.6.0.v20200203-2009.jar:1.6.0]
	at org.junit.platform.engine.support.hierarchical.NodeTestTask.lambda$executeRecursively$7(NodeTestTask.java:125) ~[org.junit.platform.engine_1.6.0.v20200203-2009.jar:1.6.0]
	at org.junit.platform.engine.support.hierarchical.Node.around(Node.java:135) ~[org.junit.platform.engine_1.6.0.v20200203-2009.jar:1.6.0]
	at org.junit.platform.engine.support.hierarchical.NodeTestTask.lambda$executeRecursively$8(NodeTestTask.java:123) ~[org.junit.platform.engine_1.6.0.v20200203-2009.jar:1.6.0]
	at org.junit.platform.engine.support.hierarchical.ThrowableCollector.execute(ThrowableCollector.java:73) ~[org.junit.platform.engine_1.6.0.v20200203-2009.jar:1.6.0]
	at org.junit.platform.engine.support.hierarchical.NodeTestTask.executeRecursively(NodeTestTask.java:122) ~[org.junit.platform.engine_1.6.0.v20200203-2009.jar:1.6.0]
	at org.junit.platform.engine.support.hierarchical.NodeTestTask.execute(NodeTestTask.java:80) ~[org.junit.platform.engine_1.6.0.v20200203-2009.jar:1.6.0]
	at java.util.ArrayList.forEach(ArrayList.java:1540) ~[?:?]
	at org.junit.platform.engine.support.hierarchical.SameThreadHierarchicalTestExecutorService.invokeAll(SameThreadHierarchicalTestExecutorService.java:38) ~[org.junit.platform.engine_1.6.0.v20200203-2009.jar:1.6.0]
	at org.junit.platform.engine.support.hierarchical.NodeTestTask.lambda$executeRecursively$5(NodeTestTask.java:139) ~[org.junit.platform.engine_1.6.0.v20200203-2009.jar:1.6.0]
	at org.junit.platform.engine.support.hierarchical.ThrowableCollector.execute(ThrowableCollector.java:73) ~[org.junit.platform.engine_1.6.0.v20200203-2009.jar:1.6.0]
	at org.junit.platform.engine.support.hierarchical.NodeTestTask.lambda$executeRecursively$7(NodeTestTask.java:125) ~[org.junit.platform.engine_1.6.0.v20200203-2009.jar:1.6.0]
	at org.junit.platform.engine.support.hierarchical.Node.around(Node.java:135) ~[org.junit.platform.engine_1.6.0.v20200203-2009.jar:1.6.0]
	at org.junit.platform.engine.support.hierarchical.NodeTestTask.lambda$executeRecursively$8(NodeTestTask.java:123) ~[org.junit.platform.engine_1.6.0.v20200203-2009.jar:1.6.0]
	at org.junit.platform.engine.support.hierarchical.ThrowableCollector.execute(ThrowableCollector.java:73) ~[org.junit.platform.engine_1.6.0.v20200203-2009.jar:1.6.0]
	at org.junit.platform.engine.support.hierarchical.NodeTestTask.executeRecursively(NodeTestTask.java:122) ~[org.junit.platform.engine_1.6.0.v20200203-2009.jar:1.6.0]
	at org.junit.platform.engine.support.hierarchical.NodeTestTask.execute(NodeTestTask.java:80) ~[org.junit.platform.engine_1.6.0.v20200203-2009.jar:1.6.0]
	at org.junit.platform.engine.support.hierarchical.SameThreadHierarchicalTestExecutorService.submit(SameThreadHierarchicalTestExecutorService.java:32) ~[org.junit.platform.engine_1.6.0.v20200203-2009.jar:1.6.0]
	at org.junit.platform.engine.support.hierarchical.HierarchicalTestExecutor.execute(HierarchicalTestExecutor.java:57) ~[org.junit.platform.engine_1.6.0.v20200203-2009.jar:1.6.0]
	at org.junit.platform.engine.support.hierarchical.HierarchicalTestEngine.execute(HierarchicalTestEngine.java:51) ~[org.junit.platform.engine_1.6.0.v20200203-2009.jar:1.6.0]
	at org.junit.platform.launcher.core.DefaultLauncher.execute(DefaultLauncher.java:248) ~[org.junit.platform.launcher_1.6.0.v20200203-2009.jar:1.6.0]
	at org.junit.platform.launcher.core.DefaultLauncher.lambda$execute$5(DefaultLauncher.java:211) ~[org.junit.platform.launcher_1.6.0.v20200203-2009.jar:1.6.0]
	at org.junit.platform.launcher.core.DefaultLauncher.withInterceptedStreams(DefaultLauncher.java:226) [org.junit.platform.launcher_1.6.0.v20200203-2009.jar:1.6.0]
	at org.junit.platform.launcher.core.DefaultLauncher.execute(DefaultLauncher.java:199) [org.junit.platform.launcher_1.6.0.v20200203-2009.jar:1.6.0]
	at org.junit.platform.launcher.core.DefaultLauncher.execute(DefaultLauncher.java:141) [org.junit.platform.launcher_1.6.0.v20200203-2009.jar:1.6.0]
	at org.eclipse.jdt.internal.junit5.runner.JUnit5TestReference.run(JUnit5TestReference.java:98) [.cp/:?]
	at org.eclipse.jdt.internal.junit.runner.TestExecution.run(TestExecution.java:41) [.cp/:?]
	at org.eclipse.jdt.internal.junit.runner.RemoteTestRunner.runTests(RemoteTestRunner.java:542) [.cp/:?]
	at org.eclipse.jdt.internal.junit.runner.RemoteTestRunner.runTests(RemoteTestRunner.java:770) [.cp/:?]
	at org.eclipse.jdt.internal.junit.runner.RemoteTestRunner.run(RemoteTestRunner.java:464) [.cp/:?]
	at org.eclipse.jdt.internal.junit.runner.RemoteTestRunner.main(RemoteTestRunner.java:210) [.cp/:?]
2023 8월 08   09:59:42,380 [main] INFO  system.FileSystemDataUpdater - Loading data
2023 8월 08   10:01:21,241 [main] INFO  system.FileSystemDataUpdater - Loading data
2023 8월 08   10:01:52,051 [main] INFO  system.FileSystemDataUpdater - Loading data
2023 8월 08   10:02:16,589 [main] INFO  system.FileSystemDataUpdater - Loading data
2023 8월 08   10:02:36,425 [main] INFO  system.FileSystemDataUpdater - Loading data
2023 8월 08   10:02:37,417 [main] INFO  system.FileSystemDataUpdater - data Load end
2023 8월 08   10:03:26,796 [main] INFO  system.FileSystemDataUpdater - Loading data
2023 8월 08   10:06:26,846 [main] INFO  system.FileSystemDataUpdater - Loading data
2023 8월 08   10:07:11,427 [main] INFO  system.FileSystemDataUpdater - Loading data
2023 8월 08   10:08:38,987 [main] INFO  system.FileSystemDataUpdater - Loading data
2023 8월 08   10:11:41,704 [main] INFO  system.FileSystemDataUpdater - Loading data
2023 8월 08   10:11:42,297 [main] INFO  system.FileSystemDataUpdater - data Load end
2023 8월 08   10:29:11,891 [main] INFO  system.FileSystemDataUpdater - Loading data
2023 8월 08   10:29:12,473 [main] INFO  system.FileSystemDataUpdater - data Load end
2023 8월 08   10:32:12,053 [main] INFO  system.FileSystemDataUpdater - Loading data
2023 8월 08   10:32:12,650 [main] INFO  system.FileSystemDataUpdater - data Load end
2023 8월 08   10:32:38,120 [main] INFO  system.FileSystemDataUpdater - Loading data
2023 8월 08   10:32:38,693 [main] INFO  system.FileSystemDataUpdater - data Load end
2023 8월 08   10:36:54,059 [main] INFO  system.FileSystemDataUpdater - Loading data
2023 8월 08   10:36:54,635 [main] INFO  system.FileSystemDataUpdater - data Load end
2023 8월 08   10:40:16,009 [main] INFO  system.FileSystemDataUpdater - Loading data
2023 8월 08   10:40:16,594 [main] INFO  system.FileSystemDataUpdater - data Load end
2023 8월 08   10:46:25,531 [main] INFO  system.FileSystemDataUpdater - Loading data
2023 8월 08   10:46:26,126 [main] INFO  system.FileSystemDataUpdater - data Load end
2023 8월 08   10:59:39,328 [main] INFO  system.FileSystemDataUpdater - Loading data
2023 8월 08   10:59:40,026 [main] INFO  system.FileSystemDataUpdater - data Load end
2023 8월 08   11:00:23,804 [main] INFO  system.FileSystemDataUpdater - Loading data
2023 8월 08   11:00:24,430 [main] INFO  system.FileSystemDataUpdater - data Load end
2023 8월 08   11:01:58,160 [main] INFO  system.FileSystemDataUpdater - Loading data
2023 8월 08   11:01:58,750 [main] INFO  system.FileSystemDataUpdater - data Load end
2023 8월 08   11:03:16,329 [main] INFO  system.FileSystemDataUpdater - Loading data
2023 8월 08   11:03:16,911 [main] INFO  system.FileSystemDataUpdater - data Load end
2023 8월 08   11:07:44,407 [main] INFO  system.FileSystemDataUpdater - Loading data
2023 8월 08   11:07:44,999 [main] INFO  system.FileSystemDataUpdater - data Load end
2023 8월 08   11:10:42,989 [main] INFO  system.FileSystemDataUpdater - Loading data
2023 8월 08   11:10:43,578 [main] INFO  system.FileSystemDataUpdater - data Load end
2023 8월 08   11:12:52,960 [main] INFO  system.FileSystemDataUpdater - Loading data
2023 8월 08   11:12:53,559 [main] INFO  system.FileSystemDataUpdater - data Load end
2023 8월 08   11:28:28,941 [main] INFO  system.FileSystemDataUpdater - Loading data
2023 8월 08   11:28:29,539 [main] INFO  system.FileSystemDataUpdater - data Load end
2023 8월 08   11:30:22,952 [main] INFO  system.FileSystemDataUpdater - Loading data
2023 8월 08   11:30:23,544 [main] INFO  system.FileSystemDataUpdater - data Load end
2023 8월 08   11:40:13,843 [main] INFO  system.FileSystemDataUpdater - Loading data
2023 8월 08   11:40:14,430 [main] INFO  system.FileSystemDataUpdater - data Load end
2023 8월 08   14:00:14,696 [main] INFO  system.FileSystemDataUpdater - Loading data
2023 8월 08   14:00:15,333 [main] INFO  system.FileSystemDataUpdater - data Load end
2023 8월 08   14:01:13,557 [main] INFO  system.FileSystemDataUpdater - Loading data
2023 8월 08   14:01:14,191 [main] INFO  system.FileSystemDataUpdater - data Load end
2023 8월 08   14:01:20,018 [main] INFO  system.FileSystemDataUpdater - Loading data
2023 8월 08   14:01:20,659 [main] INFO  system.FileSystemDataUpdater - data Load end
2023 8월 08   14:01:45,752 [main] INFO  system.FileSystemDataUpdater - Loading data
2023 8월 08   14:01:46,369 [main] INFO  system.FileSystemDataUpdater - data Load end
2023 8월 08   14:01:55,398 [main] INFO  system.FileSystemDataUpdater - Loading data
2023 8월 08   14:01:56,028 [main] INFO  system.FileSystemDataUpdater - data Load end
2023 8월 08   14:36:32,982 [main] INFO  system.FileSystemDataUpdater - Loading data
2023 8월 08   14:36:33,586 [main] INFO  system.FileSystemDataUpdater - data Load end
2023 8월 08   15:25:04,160 [main] INFO  system.FileSystemDataUpdater - Loading data
2023 8월 08   15:25:04,753 [main] INFO  system.FileSystemDataUpdater - data Load end
2023 8월 08   15:28:16,842 [main] INFO  system.FileSystemDataUpdater - Loading data
2023 8월 08   15:28:17,432 [main] INFO  system.FileSystemDataUpdater - data Load end
2023 8월 08   15:30:05,940 [main] INFO  system.FileSystemDataUpdater - Loading data
2023 8월 08   15:30:06,521 [main] INFO  system.FileSystemDataUpdater - data Load end
2023 8월 08   16:00:19,647 [main] INFO  system.FileSystemDataUpdater - Loading data
2023 8월 08   16:00:20,238 [main] INFO  system.FileSystemDataUpdater - data Load end
2023 8월 08   16:01:19,828 [main] INFO  system.FileSystemDataUpdater - Loading data
2023 8월 08   16:01:20,407 [main] INFO  system.FileSystemDataUpdater - data Load end
2023 8월 08   16:02:06,638 [main] INFO  system.FileSystemDataUpdater - Loading data
2023 8월 08   16:02:07,218 [main] INFO  system.FileSystemDataUpdater - data Load end
2023 8월 08   16:03:17,814 [main] INFO  system.FileSystemDataUpdater - Loading data
2023 8월 08   16:03:18,403 [main] INFO  system.FileSystemDataUpdater - data Load end
2023 8월 08   16:04:17,242 [main] INFO  system.FileSystemDataUpdater - Loading data
2023 8월 08   16:04:17,829 [main] INFO  system.FileSystemDataUpdater - data Load end
2023 8월 08   16:04:32,202 [main] INFO  system.FileSystemDataUpdater - Loading data
2023 8월 08   16:04:32,784 [main] INFO  system.FileSystemDataUpdater - data Load end
2023 8월 08   16:11:25,074 [main] INFO  system.FileSystemDataUpdater - Loading data
2023 8월 08   16:11:25,663 [main] INFO  system.FileSystemDataUpdater - data Load end
2023 8월 08   16:17:50,091 [main] INFO  system.FileSystemDataUpdater - Loading data
2023 8월 08   16:17:50,687 [main] INFO  system.FileSystemDataUpdater - data Load end
2023 8월 08   16:21:45,847 [main] INFO  system.FileSystemDataUpdater - Loading data
2023 8월 08   16:21:46,427 [main] INFO  system.FileSystemDataUpdater - data Load end
2023 8월 08   16:22:37,617 [main] INFO  system.FileSystemDataUpdater - Loading data
2023 8월 08   16:22:38,210 [main] INFO  system.FileSystemDataUpdater - data Load end
2023 8월 08   16:52:37,136 [main] INFO  system.FileSystemDataUpdater - Loading data
2023 8월 08   16:52:37,781 [main] INFO  system.FileSystemDataUpdater - data Load end
2023 8월 08   17:07:51,962 [main] INFO  system.FileSystemDataUpdater - Loading data
2023 8월 08   17:07:52,597 [main] INFO  system.FileSystemDataUpdater - data Load end
2023 8월 08   17:08:52,813 [main] INFO  system.FileSystemDataUpdater - Loading data
2023 8월 08   17:08:53,730 [main] INFO  system.FileSystemDataUpdater - data Load end
2023 8월 08   17:09:38,922 [main] INFO  system.FileSystemDataUpdater - Loading data
2023 8월 08   17:09:39,564 [main] INFO  system.FileSystemDataUpdater - data Load end
2023 8월 08   17:09:48,811 [main] INFO  system.FileSystemDataUpdater - Loading data
2023 8월 08   17:09:49,396 [main] INFO  system.FileSystemDataUpdater - data Load end
2023 8월 08   17:13:35,691 [main] INFO  system.FileSystemDataUpdater - Loading data
2023 8월 08   17:25:42,754 [main] INFO  system.FileSystemDataUpdater - Loading data
2023 8월 08   17:25:43,405 [main] INFO  system.FileSystemDataUpdater - data Load end
2023 8월 08   17:40:31,289 [main] INFO  system.FileSystemDataUpdater - Loading data
2023 8월 08   17:40:58,091 [main] INFO  system.FileSystemDataUpdater - Loading data
2023 8월 08   17:40:58,713 [main] INFO  system.FileSystemDataUpdater - data Load end
2023 8월 08   17:50:57,120 [main] INFO  system.FileSystemDataUpdater - Loading data
