2023 8월 10   08:50:55,775 [main] INFO  system.FileSystemDataUpdater - Loading data
2023 8월 10   08:50:56,443 [main] INFO  system.FileSystemDataUpdater - data Load end
2023 8월 10   09:00:04,359 [main] INFO  system.FileSystemDataUpdater - Loading data
2023 8월 10   09:00:04,970 [main] INFO  system.FileSystemDataUpdater - data Load end
2023 8월 10   09:02:03,407 [main] INFO  system.FileSystemDataUpdater - Loading data
2023 8월 10   09:02:03,982 [main] INFO  system.FileSystemDataUpdater - data Load end
2023 8월 10   09:04:41,030 [main] INFO  system.FileSystemDataUpdater - Loading data
2023 8월 10   09:04:41,622 [main] INFO  system.FileSystemDataUpdater - data Load end
2023 8월 10   09:15:11,586 [main] INFO  system.FileSystemDataUpdater - Loading data
2023 8월 10   09:15:12,175 [main] INFO  system.FileSystemDataUpdater - data Load end
2023 8월 10   09:52:51,533 [main] INFO  system.FileSystemDataUpdater - Loading data
2023 8월 10   09:52:52,127 [main] INFO  system.FileSystemDataUpdater - data Load end
2023 8월 10   09:53:16,562 [main] INFO  system.FileSystemDataUpdater - Loading data
2023 8월 10   09:53:17,171 [main] INFO  system.FileSystemDataUpdater - data Load end
2023 8월 10   09:55:29,360 [AWT-EventQueue-0] ERROR system.FileSystemDataUpdater - java.io.FileNotFoundException: File_system\user_date\accounts.xlsx (´ٸ¥ Çwμ¼½º°¡ ÆÄÀÏ; »ç¿ë ÁßÀ̱â ¶§¹®¿¡ )
2023 8월 10   09:55:57,692 [main] INFO  system.FileSystemDataUpdater - Loading data
2023 8월 10   09:55:58,270 [main] INFO  system.FileSystemDataUpdater - data Load end
2023 8월 10   10:07:26,802 [main] INFO  system.FileSystemDataUpdater - Loading data
2023 8월 10   10:07:27,405 [main] INFO  system.FileSystemDataUpdater - data Load end
2023 8월 10   10:07:41,150 [AWT-EventQueue-0] ERROR system.FileSystemDataUpdater - java.io.FileNotFoundException: File_system\user_date\accounts.xlsx (´ٸ¥ Çwμ¼½º°¡ ÆÄÀÏ; »ç¿ë ÁßÀ̱â ¶§¹®¿¡ )
2023 8월 10   10:10:28,413 [main] INFO  system.FileSystemDataUpdater - Loading data
2023 8월 10   10:10:28,991 [main] INFO  system.FileSystemDataUpdater - data Load end
2023 8월 10   10:10:48,867 [AWT-EventQueue-0] ERROR system.FileSystemDataUpdater - java.io.FileNotFoundException: File_system\user_date\accounts.xlsx (´ٸ¥ Çwμ¼½º°¡ ÆÄÀÏ; »ç¿ë ÁßÀ̱â ¶§¹®¿¡ )
2023 8월 10   10:15:06,061 [main] INFO  system.FileSystemDataUpdater - Loading data
2023 8월 10   10:15:06,639 [main] INFO  system.FileSystemDataUpdater - data Load end
2023 8월 10   10:15:22,912 [AWT-EventQueue-0] ERROR system.FileSystemDataUpdater - java.io.FileNotFoundException: File_system\user_date\accounts.xlsx (´ٸ¥ Çwμ¼½º°¡ ÆÄÀÏ; »ç¿ë ÁßÀ̱â ¶§¹®¿¡ )
2023 8월 10   10:17:01,222 [main] INFO  system.FileSystemDataUpdater - Loading data
2023 8월 10   10:17:01,831 [main] INFO  system.FileSystemDataUpdater - data Load end
2023 8월 10   10:57:59,942 [main] INFO  system.FileSystemDataUpdater - Loading data
2023 8월 10   10:58:00,551 [main] INFO  system.FileSystemDataUpdater - data Load end
2023 8월 10   10:58:49,798 [main] INFO  system.FileSystemDataUpdater - Loading data
2023 8월 10   10:58:50,376 [main] INFO  system.FileSystemDataUpdater - data Load end
2023 8월 10   11:04:48,387 [main] INFO  system.FileSystemDataUpdater - Loading data
2023 8월 10   11:04:48,965 [main] INFO  system.FileSystemDataUpdater - data Load end
2023 8월 10   11:06:32,625 [main] INFO  system.FileSystemDataUpdater - Loading data
2023 8월 10   11:06:33,266 [main] INFO  system.FileSystemDataUpdater - data Load end
2023 8월 10   11:06:50,231 [main] INFO  system.FileSystemDataUpdater - Loading data
2023 8월 10   11:06:50,824 [main] INFO  system.FileSystemDataUpdater - data Load end
2023 8월 10   11:06:57,614 [main] INFO  system.FileSystemDataUpdater - Loading data
2023 8월 10   11:06:58,193 [main] INFO  system.FileSystemDataUpdater - data Load end
2023 8월 10   11:09:43,865 [main] INFO  system.FileSystemDataUpdater - Loading data
2023 8월 10   11:09:44,443 [main] INFO  system.FileSystemDataUpdater - data Load end
2023 8월 10   11:21:26,181 [main] INFO  system.FileSystemDataUpdater - Loading data
2023 8월 10   11:21:26,744 [main] INFO  system.FileSystemDataUpdater - data Load end
2023 8월 10   11:22:59,025 [main] INFO  system.FileSystemDataUpdater - Loading data
2023 8월 10   11:22:59,696 [main] INFO  system.FileSystemDataUpdater - data Load end
2023 8월 10   11:29:26,634 [main] INFO  system.FileSystemDataUpdater - Loading data
2023 8월 10   11:29:27,212 [main] INFO  system.FileSystemDataUpdater - data Load end
2023 8월 10   11:30:46,714 [main] INFO  system.FileSystemDataUpdater - Loading data
2023 8월 10   11:30:47,542 [main] INFO  system.FileSystemDataUpdater - data Load end
2023 8월 10   11:31:55,425 [main] INFO  system.FileSystemDataUpdater - Loading data
2023 8월 10   11:31:56,003 [main] INFO  system.FileSystemDataUpdater - data Load end
2023 8월 10   11:38:59,236 [main] INFO  system.FileSystemDataUpdater - Loading data
2023 8월 10   11:38:59,799 [main] INFO  system.FileSystemDataUpdater - data Load end
2023 8월 10   11:40:08,865 [main] INFO  system.FileSystemDataUpdater - Loading data
2023 8월 10   11:40:09,443 [main] INFO  system.FileSystemDataUpdater - data Load end
2023 8월 10   11:40:43,936 [main] INFO  system.FileSystemDataUpdater - Loading data
2023 8월 10   11:40:44,780 [main] INFO  system.FileSystemDataUpdater - data Load end
2023 8월 10   11:44:57,089 [main] INFO  system.FileSystemDataUpdater - Loading data
2023 8월 10   11:44:57,683 [main] INFO  system.FileSystemDataUpdater - data Load end
2023 8월 10   11:48:11,688 [main] INFO  system.FileSystemDataUpdater - Loading data
2023 8월 10   11:48:12,251 [main] INFO  system.FileSystemDataUpdater - data Load end
2023 8월 10   11:56:11,769 [main] INFO  system.FileSystemDataUpdater - Loading data
2023 8월 10   11:56:12,347 [main] INFO  system.FileSystemDataUpdater - data Load end
2023 8월 10   11:59:40,105 [main] INFO  system.FileSystemDataUpdater - Loading data
2023 8월 10   11:59:40,667 [main] INFO  system.FileSystemDataUpdater - data Load end
2023 8월 10   12:04:56,895 [main] INFO  system.FileSystemDataUpdater - Loading data
2023 8월 10   12:04:57,489 [main] INFO  system.FileSystemDataUpdater - data Load end
2023 8월 10   12:07:53,634 [main] INFO  system.FileSystemDataUpdater - Loading data
2023 8월 10   12:07:54,227 [main] INFO  system.FileSystemDataUpdater - data Load end
2023 8월 10   12:14:12,498 [main] INFO  system.FileSystemDataUpdater - Loading data
2023 8월 10   12:14:13,061 [main] INFO  system.FileSystemDataUpdater - data Load end
2023 8월 10   12:40:11,335 [main] INFO  system.FileSystemDataUpdater - Loading data
2023 8월 10   12:40:11,959 [main] INFO  system.FileSystemDataUpdater - data Load end
2023 8월 10   13:35:33,585 [main] INFO  system.FileSystemDataUpdater - Loading data
2023 8월 10   13:38:19,107 [main] INFO  system.FileSystemDataUpdater - Loading data
2023 8월 10   13:38:19,716 [main] INFO  system.FileSystemDataUpdater - data Load end
2023 8월 10   14:23:22,738 [main] INFO  system.FileSystemDataUpdater - Loading data
2023 8월 10   14:23:23,332 [main] INFO  system.FileSystemDataUpdater - data Load end
2023 8월 10   14:51:54,622 [main] INFO  system.FileSystemDataUpdater - Loading data
2023 8월 10   14:53:02,033 [main] INFO  system.FileSystemDataUpdater - Loading data
2023 8월 10   14:53:02,684 [main] INFO  system.FileSystemDataUpdater - data Load end
2023 8월 10   14:55:42,464 [main] INFO  system.FileSystemDataUpdater - Loading data
2023 8월 10   14:56:30,946 [main] INFO  system.FileSystemDataUpdater - Loading data
2023 8월 10   15:00:38,509 [main] INFO  system.FileSystemDataUpdater - Loading data
2023 8월 10   15:01:01,472 [main] INFO  system.FileSystemDataUpdater - Loading data
2023 8월 10   15:05:13,379 [main] INFO  system.FileSystemDataUpdater - Loading data
2023 8월 10   15:05:13,991 [main] INFO  system.FileSystemDataUpdater - data Load end
2023 8월 10   15:12:59,349 [main] INFO  system.FileSystemDataUpdater - Loading data
2023 8월 10   15:12:59,945 [main] INFO  system.FileSystemDataUpdater - data Load end
2023 8월 10   15:14:44,762 [main] INFO  system.FileSystemDataUpdater - Loading data
2023 8월 10   15:14:45,362 [main] INFO  system.FileSystemDataUpdater - data Load end
2023 8월 10   15:14:53,630 [main] INFO  system.FileSystemDataUpdater - Loading data
2023 8월 10   15:14:54,222 [main] INFO  system.FileSystemDataUpdater - data Load end
2023 8월 10   15:15:13,556 [main] INFO  system.FileSystemDataUpdater - Loading data
2023 8월 10   15:15:14,140 [main] INFO  system.FileSystemDataUpdater - data Load end
2023 8월 10   15:16:34,449 [main] INFO  system.FileSystemDataUpdater - Loading data
2023 8월 10   15:16:35,033 [main] INFO  system.FileSystemDataUpdater - data Load end
2023 8월 10   15:18:22,157 [main] INFO  system.FileSystemDataUpdater - Loading data
2023 8월 10   15:18:22,760 [main] INFO  system.FileSystemDataUpdater - data Load end
2023 8월 10   15:24:36,069 [main] INFO  system.FileSystemDataUpdater - Loading data
2023 8월 10   15:24:36,689 [main] INFO  system.FileSystemDataUpdater - data Load end
2023 8월 10   15:30:15,787 [main] INFO  system.FileSystemDataUpdater - Loading data
2023 8월 10   15:30:16,411 [main] INFO  system.FileSystemDataUpdater - data Load end
2023 8월 10   15:50:41,181 [main] INFO  system.FileSystemDataUpdater - Loading data
2023 8월 10   15:50:41,815 [main] INFO  system.FileSystemDataUpdater - data Load end
2023 8월 10   15:51:19,614 [AWT-EventQueue-0] ERROR system.FileSystemDataUpdater - java.io.FileNotFoundException: File_system\user_date\accounts.xlsx (´ٸ¥ Çwμ¼½º°¡ ÆÄÀÏ; »ç¿ë ÁßÀ̱â ¶§¹®¿¡ )
2023 8월 10   17:23:26,769 [main] INFO  system.FileSystemDataUpdater - Loading data
2023 8월 10   17:23:27,233 [main] INFO  system.FileSystemDataUpdater - create Limit ExcelFile Failed
2023 8월 10   17:23:27,233 [main] FATAL system.FileSystemDataUpdater - java.io.FileNotFoundException: File_system\user_data\user_limit.xlsx (ÁödµÈ °æ·θ¦ ã; ¼ö)
2023 8월 10   17:23:45,580 [main] INFO  system.FileSystemDataUpdater - Loading data
2023 8월 10   17:23:46,074 [main] INFO  system.FileSystemDataUpdater - create Limit ExcelFile Failed
2023 8월 10   17:23:46,075 [main] FATAL system.FileSystemDataUpdater - java.io.FileNotFoundException: File_system\user_data\user_limit.xlsx (ÁödµÈ °æ·θ¦ ã; ¼ö)
2023 8월 10   17:24:18,021 [main] INFO  system.FileSystemDataUpdater - Loading data
2023 8월 10   17:24:18,560 [main] INFO  system.FileSystemDataUpdater - create Limit ExcelFile Failed
2023 8월 10   17:24:18,560 [main] FATAL system.FileSystemDataUpdater - java.io.FileNotFoundException: File_system\user_data\user_limit.xlsx (ÁödµÈ °æ·θ¦ ã; ¼ö)
2023 8월 10   17:24:49,542 [main] INFO  system.FileSystemDataUpdater - Loading data
2023 8월 10   17:24:50,196 [main] INFO  system.FileSystemDataUpdater - data Load end
2023 8월 10   17:24:56,414 [main] INFO  system.FileSystemDataUpdater - Loading data
2023 8월 10   17:24:57,016 [main] INFO  system.FileSystemDataUpdater - data Load end
2023 8월 10   17:25:46,404 [main] INFO  system.FileSystemDataUpdater - Loading data
2023 8월 10   17:25:47,040 [main] INFO  system.FileSystemDataUpdater - data Load end
2023 8월 10   17:30:59,918 [main] INFO  system.FileSystemDataUpdater - Loading data
2023 8월 10   17:31:00,554 [main] INFO  system.FileSystemDataUpdater - data Load end
